<?xml version="1.0" encoding="UTF-8"?>
<!-- Generated by org.testng.reporters.JUnitReportReporter -->
<testsuite hostname="User" failures="0" tests="2" name="testPkg.LanguageChangeFunctionalityTest" time="7.215" errors="0" timestamp="2022-11-19T10:32:02 EST" skipped="0">
  <testcase classname="testPkg.LanguageChangeFunctionalityTest" name="quickChangeLanguageFunctionalityTest" time="5.322"/>
  <system-out/>
  <testcase classname="testPkg.LanguageChangeFunctionalityTest" name="quickChangeLanguageFunctionalityTest" time="1.893"/>
  <system-out/>
</testsuite> <!-- testPkg.LanguageChangeFunctionalityTest -->
