<?xml version="1.0" encoding="UTF-8"?>
<!-- Generated by org.testng.reporters.JUnitReportReporter -->
<testsuite hostname="User" failures="0" tests="4" name="testPkg.SearchFunctionalityTest" time="48.255" errors="0" timestamp="2022-11-12T11:29:22 EST" skipped="0">
  <testcase classname="testPkg.SearchFunctionalityTest" name="searchFunctionality" time="12.295"/>
  <system-out/>
  <testcase classname="testPkg.SearchFunctionalityTest" name="searchFunctionality" time="12.080"/>
  <system-out/>
  <testcase classname="testPkg.SearchFunctionalityTest" name="searchFunctionality" time="10.735"/>
  <system-out/>
  <testcase classname="testPkg.SearchFunctionalityTest" name="searchFunctionality" time="13.145"/>
  <system-out/>
</testsuite> <!-- testPkg.SearchFunctionalityTest -->
