<?xml version="1.0" encoding="UTF-8"?>
<!-- Generated by org.testng.reporters.JUnitReportReporter -->
<testsuite hostname="User" failures="0" tests="6" name="testPkg.SearchFunctionalityTest" time="52.000" errors="0" timestamp="2022-11-19T09:46:52 EST" skipped="0">
  <testcase classname="testPkg.SearchFunctionalityTest" name="negativeSearchFunctionalityTest" time="6.489"/>
  <system-out/>
  <testcase classname="testPkg.SearchFunctionalityTest" name="positiveSearchFunctionality" time="8.553"/>
  <system-out/>
  <testcase classname="testPkg.SearchFunctionalityTest" name="positiveSearchFunctionality" time="9.368"/>
  <system-out/>
  <testcase classname="testPkg.SearchFunctionalityTest" name="positiveSearchFunctionality" time="8.414"/>
  <system-out/>
  <testcase classname="testPkg.SearchFunctionalityTest" name="negativeSearchFunctionalityTest" time="9.472"/>
  <system-out/>
  <testcase classname="testPkg.SearchFunctionalityTest" name="positiveSearchFunctionality" time="9.704"/>
  <system-out/>
</testsuite> <!-- testPkg.SearchFunctionalityTest -->
